[2024-06-25 08:52:31] local.ERROR: Property [first_name] does not exist on this collection instance. (View: D:\Algebra VUA\POU\Backend Developer\Grupe\OL-OBE_DEV_H-0124\Laravel\algebra-crm\resources\views\clients\index.blade.php) {"userId":13,"exception":"[object] (Illuminate\\View\\ViewException(code: 0): Property [first_name] does not exist on this collection instance. (View: D:\\Algebra VUA\\POU\\Backend Developer\\Grupe\\OL-OBE_DEV_H-0124\\Laravel\\algebra-crm\\resources\\views\\clients\\index.blade.php) at D:\\Algebra VUA\\POU\\Backend Developer\\Grupe\\OL-OBE_DEV_H-0124\\Laravel\\algebra-crm\\vendor\\laravel\\framework\\src\\Illuminate\\Collections\\Traits\\EnumeratesValues.php:1034)
[stacktrace]
#0 D:\\Algebra VUA\\POU\\Backend Developer\\Grupe\\OL-OBE_DEV_H-0124\\Laravel\\algebra-crm\\vendor\\laravel\\framework\\src\\Illuminate\\View\\Engines\\PhpEngine.php(60): Illuminate\\View\\Engines\\CompilerEngine->handleViewException(Object(Exception), 1)
#1 D:\\Algebra VUA\\POU\\Backend Developer\\Grupe\\OL-OBE_DEV_H-0124\\Laravel\\algebra-crm\\vendor\\laravel\\framework\\src\\Illuminate\\View\\Engines\\CompilerEngine.php(73): Illuminate\\View\\Engines\\PhpEngine->evaluatePath('D:\\\\Algebra VUA\\\\...', Array)
#2 D:\\Algebra VUA\\POU\\Backend Developer\\Grupe\\OL-OBE_DEV_H-0124\\Laravel\\algebra-crm\\vendor\\laravel\\framework\\src\\Illuminate\\View\\View.php(208): Illuminate\\View\\Engines\\CompilerEngine->get('D:\\\\Algebra VUA\\\\...', Array)
#3 D:\\Algebra VUA\\POU\\Backend Developer\\Grupe\\OL-OBE_DEV_H-0124\\Laravel\\algebra-crm\\vendor\\laravel\\framework\\src\\Illuminate\\View\\View.php(191): Illuminate\\View\\View->getContents()
#4 D:\\Algebra VUA\\POU\\Backend Developer\\Grupe\\OL-OBE_DEV_H-0124\\Laravel\\algebra-crm\\vendor\\laravel\\framework\\src\\Illuminate\\View\\View.php(160): Illuminate\\View\\View->renderContents()
#5 D:\\Algebra VUA\\POU\\Backend Developer\\Grupe\\OL-OBE_DEV_H-0124\\Laravel\\algebra-crm\\vendor\\laravel\\framework\\src\\Illuminate\\Http\\Response.php(70): Illuminate\\View\\View->render()
#6 D:\\Algebra VUA\\POU\\Backend Developer\\Grupe\\OL-OBE_DEV_H-0124\\Laravel\\algebra-crm\\vendor\\laravel\\framework\\src\\Illuminate\\Http\\Response.php(35): Illuminate\\Http\\Response->setContent(Object(Illuminate\\View\\View))
#7 D:\\Algebra VUA\\POU\\Backend Developer\\Grupe\\OL-OBE_DEV_H-0124\\Laravel\\algebra-crm\\vendor\\laravel\\framework\\src\\Illuminate\\Routing\\Router.php(918): Illuminate\\Http\\Response->__construct(Object(Illuminate\\View\\View), 200, Array)
#8 D:\\Algebra VUA\\POU\\Backend Developer\\Grupe\\OL-OBE_DEV_H-0124\\Laravel\\algebra-crm\\vendor\\laravel\\framework\\src\\Illuminate\\Routing\\Router.php(885): Illuminate\\Routing\\Router::toResponse(Object(Illuminate\\Http\\Request), Object(Illuminate\\View\\View))
#9 D:\\Algebra VUA\\POU\\Backend Developer\\Grupe\\OL-OBE_DEV_H-0124\\Laravel\\algebra-crm\\vendor\\laravel\\framework\\src\\Illuminate\\Routing\\Router.php(805): Illuminate\\Routing\\Router->prepareResponse(Object(Illuminate\\Http\\Request), Object(Illuminate\\View\\View))
#10 D:\\Algebra VUA\\POU\\Backend Developer\\Grupe\\OL-OBE_DEV_H-0124\\Laravel\\algebra-crm\\vendor\\laravel\\framework\\src\\Illuminate\\Pipeline\\Pipeline.php(144): Illuminate\\Routing\\Router->Illuminate\\Routing\\{closure}(Object(Illuminate\\Http\\Request))
#11 D:\\Algebra VUA\\POU\\Backend Developer\\Grupe\\OL-OBE_DEV_H-0124\\Laravel\\algebra-crm\\vendor\\laravel\\framework\\src\\Illuminate\\Routing\\Middleware\\SubstituteBindings.php(50): Illuminate\\Pipeline\\Pipeline->Illuminate\\Pipeline\\{closure}(Object(Illuminate\\Http\\Request))
#12 D:\\Algebra VUA\\POU\\Backend Developer\\Grupe\\OL-OBE_DEV_H-0124\\Laravel\\algebra-crm\\vendor\\laravel\\framework\\src\\Illuminate\\Pipeline\\Pipeline.php(183): Illuminate\\Routing\\Middleware\\SubstituteBindings->handle(Object(Illuminate\\Http\\Request), Object(Closure))
#13 D:\\Algebra VUA\\POU\\Backend Developer\\Grupe\\OL-OBE_DEV_H-0124\\Laravel\\algebra-crm\\vendor\\laravel\\framework\\src\\Illuminate\\Auth\\Middleware\\Authenticate.php(64): Illuminate\\Pipeline\\Pipeline->Illuminate\\Pipeline\\{closure}(Object(Illuminate\\Http\\Request))
#14 D:\\Algebra VUA\\POU\\Backend Developer\\Grupe\\OL-OBE_DEV_H-0124\\Laravel\\algebra-crm\\vendor\\laravel\\framework\\src\\Illuminate\\Pipeline\\Pipeline.php(183): Illuminate\\Auth\\Middleware\\Authenticate->handle(Object(Illuminate\\Http\\Request), Object(Closure))
#15 D:\\Algebra VUA\\POU\\Backend Developer\\Grupe\\OL-OBE_DEV_H-0124\\Laravel\\algebra-crm\\vendor\\laravel\\framework\\src\\Illuminate\\Foundation\\Http\\Middleware\\VerifyCsrfToken.php(88): Illuminate\\Pipeline\\Pipeline->Illuminate\\Pipeline\\{closure}(Object(Illuminate\\Http\\Request))
#16 D:\\Algebra VUA\\POU\\Backend Developer\\Grupe\\OL-OBE_DEV_H-0124\\Laravel\\algebra-crm\\vendor\\laravel\\framework\\src\\Illuminate\\Pipeline\\Pipeline.php(183): Illuminate\\Foundation\\Http\\Middleware\\VerifyCsrfToken->handle(Object(Illuminate\\Http\\Request), Object(Closure))
#17 D:\\Algebra VUA\\POU\\Backend Developer\\Grupe\\OL-OBE_DEV_H-0124\\Laravel\\algebra-crm\\vendor\\laravel\\framework\\src\\Illuminate\\View\\Middleware\\ShareErrorsFromSession.php(49): Illuminate\\Pipeline\\Pipeline->Illuminate\\Pipeline\\{closure}(Object(Illuminate\\Http\\Request))
#18 D:\\Algebra VUA\\POU\\Backend Developer\\Grupe\\OL-OBE_DEV_H-0124\\Laravel\\algebra-crm\\vendor\\laravel\\framework\\src\\Illuminate\\Pipeline\\Pipeline.php(183): Illuminate\\View\\Middleware\\ShareErrorsFromSession->handle(Object(Illuminate\\Http\\Request), Object(Closure))
#19 D:\\Algebra VUA\\POU\\Backend Developer\\Grupe\\OL-OBE_DEV_H-0124\\Laravel\\algebra-crm\\vendor\\laravel\\framework\\src\\Illuminate\\Session\\Middleware\\StartSession.php(121): Illuminate\\Pipeline\\Pipeline->Illuminate\\Pipeline\\{closure}(Object(Illuminate\\Http\\Request))
#20 D:\\Algebra VUA\\POU\\Backend Developer\\Grupe\\OL-OBE_DEV_H-0124\\Laravel\\algebra-crm\\vendor\\laravel\\framework\\src\\Illuminate\\Session\\Middleware\\StartSession.php(64): Illuminate\\Session\\Middleware\\StartSession->handleStatefulRequest(Object(Illuminate\\Http\\Request), Object(Illuminate\\Session\\Store), Object(Closure))
#21 D:\\Algebra VUA\\POU\\Backend Developer\\Grupe\\OL-OBE_DEV_H-0124\\Laravel\\algebra-crm\\vendor\\laravel\\framework\\src\\Illuminate\\Pipeline\\Pipeline.php(183): Illuminate\\Session\\Middleware\\StartSession->handle(Object(Illuminate\\Http\\Request), Object(Closure))
#22 D:\\Algebra VUA\\POU\\Backend Developer\\Grupe\\OL-OBE_DEV_H-0124\\Laravel\\algebra-crm\\vendor\\laravel\\framework\\src\\Illuminate\\Cookie\\Middleware\\AddQueuedCookiesToResponse.php(37): Illuminate\\Pipeline\\Pipeline->Illuminate\\Pipeline\\{closure}(Object(Illuminate\\Http\\Request))
#23 D:\\Algebra VUA\\POU\\Backend Developer\\Grupe\\OL-OBE_DEV_H-0124\\Laravel\\algebra-crm\\vendor\\laravel\\framework\\src\\Illuminate\\Pipeline\\Pipeline.php(183): Illuminate\\Cookie\\Middleware\\AddQueuedCookiesToResponse->handle(Object(Illuminate\\Http\\Request), Object(Closure))
#24 D:\\Algebra VUA\\POU\\Backend Developer\\Grupe\\OL-OBE_DEV_H-0124\\Laravel\\algebra-crm\\vendor\\laravel\\framework\\src\\Illuminate\\Cookie\\Middleware\\EncryptCookies.php(75): Illuminate\\Pipeline\\Pipeline->Illuminate\\Pipeline\\{closure}(Object(Illuminate\\Http\\Request))
#25 D:\\Algebra VUA\\POU\\Backend Developer\\Grupe\\OL-OBE_DEV_H-0124\\Laravel\\algebra-crm\\vendor\\laravel\\framework\\src\\Illuminate\\Pipeline\\Pipeline.php(183): Illuminate\\Cookie\\Middleware\\EncryptCookies->handle(Object(Illuminate\\Http\\Request), Object(Closure))
#26 D:\\Algebra VUA\\POU\\Backend Developer\\Grupe\\OL-OBE_DEV_H-0124\\Laravel\\algebra-crm\\vendor\\laravel\\framework\\src\\Illuminate\\Pipeline\\Pipeline.php(119): Illuminate\\Pipeline\\Pipeline->Illuminate\\Pipeline\\{closure}(Object(Illuminate\\Http\\Request))
#27 D:\\Algebra VUA\\POU\\Backend Developer\\Grupe\\OL-OBE_DEV_H-0124\\Laravel\\algebra-crm\\vendor\\laravel\\framework\\src\\Illuminate\\Routing\\Router.php(805): Illuminate\\Pipeline\\Pipeline->then(Object(Closure))
#28 D:\\Algebra VUA\\POU\\Backend Developer\\Grupe\\OL-OBE_DEV_H-0124\\Laravel\\algebra-crm\\vendor\\laravel\\framework\\src\\Illuminate\\Routing\\Router.php(784): Illuminate\\Routing\\Router->runRouteWithinStack(Object(Illuminate\\Routing\\Route), Object(Illuminate\\Http\\Request))
#29 D:\\Algebra VUA\\POU\\Backend Developer\\Grupe\\OL-OBE_DEV_H-0124\\Laravel\\algebra-crm\\vendor\\laravel\\framework\\src\\Illuminate\\Routing\\Router.php(748): Illuminate\\Routing\\Router->runRoute(Object(Illuminate\\Http\\Request), Object(Illuminate\\Routing\\Route))
#30 D:\\Algebra VUA\\POU\\Backend Developer\\Grupe\\OL-OBE_DEV_H-0124\\Laravel\\algebra-crm\\vendor\\laravel\\framework\\src\\Illuminate\\Routing\\Router.php(737): Illuminate\\Routing\\Router->dispatchToRoute(Object(Illuminate\\Http\\Request))
#31 D:\\Algebra VUA\\POU\\Backend Developer\\Grupe\\OL-OBE_DEV_H-0124\\Laravel\\algebra-crm\\vendor\\laravel\\framework\\src\\Illuminate\\Foundation\\Http\\Kernel.php(200): Illuminate\\Routing\\Router->dispatch(Object(Illuminate\\Http\\Request))
#32 D:\\Algebra VUA\\POU\\Backend Developer\\Grupe\\OL-OBE_DEV_H-0124\\Laravel\\algebra-crm\\vendor\\laravel\\framework\\src\\Illuminate\\Pipeline\\Pipeline.php(144): Illuminate\\Foundation\\Http\\Kernel->Illuminate\\Foundation\\Http\\{closure}(Object(Illuminate\\Http\\Request))
#33 D:\\Algebra VUA\\POU\\Backend Developer\\Grupe\\OL-OBE_DEV_H-0124\\Laravel\\algebra-crm\\vendor\\laravel\\framework\\src\\Illuminate\\Foundation\\Http\\Middleware\\TransformsRequest.php(21): Illuminate\\Pipeline\\Pipeline->Illuminate\\Pipeline\\{closure}(Object(Illuminate\\Http\\Request))
#34 D:\\Algebra VUA\\POU\\Backend Developer\\Grupe\\OL-OBE_DEV_H-0124\\Laravel\\algebra-crm\\vendor\\laravel\\framework\\src\\Illuminate\\Foundation\\Http\\Middleware\\ConvertEmptyStringsToNull.php(31): Illuminate\\Foundation\\Http\\Middleware\\TransformsRequest->handle(Object(Illuminate\\Http\\Request), Object(Closure))
#35 D:\\Algebra VUA\\POU\\Backend Developer\\Grupe\\OL-OBE_DEV_H-0124\\Laravel\\algebra-crm\\vendor\\laravel\\framework\\src\\Illuminate\\Pipeline\\Pipeline.php(183): Illuminate\\Foundation\\Http\\Middleware\\ConvertEmptyStringsToNull->handle(Object(Illuminate\\Http\\Request), Object(Closure))
#36 D:\\Algebra VUA\\POU\\Backend Developer\\Grupe\\OL-OBE_DEV_H-0124\\Laravel\\algebra-crm\\vendor\\laravel\\framework\\src\\Illuminate\\Foundation\\Http\\Middleware\\TransformsRequest.php(21): Illuminate\\Pipeline\\Pipeline->Illuminate\\Pipeline\\{closure}(Object(Illuminate\\Http\\Request))
#37 D:\\Algebra VUA\\POU\\Backend Developer\\Grupe\\OL-OBE_DEV_H-0124\\Laravel\\algebra-crm\\vendor\\laravel\\framework\\src\\Illuminate\\Foundation\\Http\\Middleware\\TrimStrings.php(51): Illuminate\\Foundation\\Http\\Middleware\\TransformsRequest->handle(Object(Illuminate\\Http\\Request), Object(Closure))
#38 D:\\Algebra VUA\\POU\\Backend Developer\\Grupe\\OL-OBE_DEV_H-0124\\Laravel\\algebra-crm\\vendor\\laravel\\framework\\src\\Illuminate\\Pipeline\\Pipeline.php(183): Illuminate\\Foundation\\Http\\Middleware\\TrimStrings->handle(Object(Illuminate\\Http\\Request), Object(Closure))
#39 D:\\Algebra VUA\\POU\\Backend Developer\\Grupe\\OL-OBE_DEV_H-0124\\Laravel\\algebra-crm\\vendor\\laravel\\framework\\src\\Illuminate\\Http\\Middleware\\ValidatePostSize.php(27): Illuminate\\Pipeline\\Pipeline->Illuminate\\Pipeline\\{closure}(Object(Illuminate\\Http\\Request))
#40 D:\\Algebra VUA\\POU\\Backend Developer\\Grupe\\OL-OBE_DEV_H-0124\\Laravel\\algebra-crm\\vendor\\laravel\\framework\\src\\Illuminate\\Pipeline\\Pipeline.php(183): Illuminate\\Http\\Middleware\\ValidatePostSize->handle(Object(Illuminate\\Http\\Request), Object(Closure))
#41 D:\\Algebra VUA\\POU\\Backend Developer\\Grupe\\OL-OBE_DEV_H-0124\\Laravel\\algebra-crm\\vendor\\laravel\\framework\\src\\Illuminate\\Foundation\\Http\\Middleware\\PreventRequestsDuringMaintenance.php(110): Illuminate\\Pipeline\\Pipeline->Illuminate\\Pipeline\\{closure}(Object(Illuminate\\Http\\Request))
#42 D:\\Algebra VUA\\POU\\Backend Developer\\Grupe\\OL-OBE_DEV_H-0124\\Laravel\\algebra-crm\\vendor\\laravel\\framework\\src\\Illuminate\\Pipeline\\Pipeline.php(183): Illuminate\\Foundation\\Http\\Middleware\\PreventRequestsDuringMaintenance->handle(Object(Illuminate\\Http\\Request), Object(Closure))
#43 D:\\Algebra VUA\\POU\\Backend Developer\\Grupe\\OL-OBE_DEV_H-0124\\Laravel\\algebra-crm\\vendor\\laravel\\framework\\src\\Illuminate\\Http\\Middleware\\HandleCors.php(49): Illuminate\\Pipeline\\Pipeline->Illuminate\\Pipeline\\{closure}(Object(Illuminate\\Http\\Request))
#44 D:\\Algebra VUA\\POU\\Backend Developer\\Grupe\\OL-OBE_DEV_H-0124\\Laravel\\algebra-crm\\vendor\\laravel\\framework\\src\\Illuminate\\Pipeline\\Pipeline.php(183): Illuminate\\Http\\Middleware\\HandleCors->handle(Object(Illuminate\\Http\\Request), Object(Closure))
#45 D:\\Algebra VUA\\POU\\Backend Developer\\Grupe\\OL-OBE_DEV_H-0124\\Laravel\\algebra-crm\\vendor\\laravel\\framework\\src\\Illuminate\\Http\\Middleware\\TrustProxies.php(57): Illuminate\\Pipeline\\Pipeline->Illuminate\\Pipeline\\{closure}(Object(Illuminate\\Http\\Request))
#46 D:\\Algebra VUA\\POU\\Backend Developer\\Grupe\\OL-OBE_DEV_H-0124\\Laravel\\algebra-crm\\vendor\\laravel\\framework\\src\\Illuminate\\Pipeline\\Pipeline.php(183): Illuminate\\Http\\Middleware\\TrustProxies->handle(Object(Illuminate\\Http\\Request), Object(Closure))
#47 D:\\Algebra VUA\\POU\\Backend Developer\\Grupe\\OL-OBE_DEV_H-0124\\Laravel\\algebra-crm\\vendor\\laravel\\framework\\src\\Illuminate\\Pipeline\\Pipeline.php(119): Illuminate\\Pipeline\\Pipeline->Illuminate\\Pipeline\\{closure}(Object(Illuminate\\Http\\Request))
#48 D:\\Algebra VUA\\POU\\Backend Developer\\Grupe\\OL-OBE_DEV_H-0124\\Laravel\\algebra-crm\\vendor\\laravel\\framework\\src\\Illuminate\\Foundation\\Http\\Kernel.php(175): Illuminate\\Pipeline\\Pipeline->then(Object(Closure))
#49 D:\\Algebra VUA\\POU\\Backend Developer\\Grupe\\OL-OBE_DEV_H-0124\\Laravel\\algebra-crm\\vendor\\laravel\\framework\\src\\Illuminate\\Foundation\\Http\\Kernel.php(144): Illuminate\\Foundation\\Http\\Kernel->sendRequestThroughRouter(Object(Illuminate\\Http\\Request))
#50 D:\\Algebra VUA\\POU\\Backend Developer\\Grupe\\OL-OBE_DEV_H-0124\\Laravel\\algebra-crm\\vendor\\laravel\\framework\\src\\Illuminate\\Foundation\\Application.php(1183): Illuminate\\Foundation\\Http\\Kernel->handle(Object(Illuminate\\Http\\Request))
#51 D:\\Algebra VUA\\POU\\Backend Developer\\Grupe\\OL-OBE_DEV_H-0124\\Laravel\\algebra-crm\\public\\index.php(17): Illuminate\\Foundation\\Application->handleRequest(Object(Illuminate\\Http\\Request))
#52 D:\\Algebra VUA\\POU\\Backend Developer\\Grupe\\OL-OBE_DEV_H-0124\\Laravel\\algebra-crm\\vendor\\laravel\\framework\\src\\Illuminate\\Foundation\\resources\\server.php(16): require_once('D:\\\\Algebra VUA\\\\...')
#53 {main}

[previous exception] [object] (Exception(code: 0): Property [first_name] does not exist on this collection instance. at D:\\Algebra VUA\\POU\\Backend Developer\\Grupe\\OL-OBE_DEV_H-0124\\Laravel\\algebra-crm\\vendor\\laravel\\framework\\src\\Illuminate\\Collections\\Traits\\EnumeratesValues.php:1034)
[stacktrace]
#0 D:\\Algebra VUA\\POU\\Backend Developer\\Grupe\\OL-OBE_DEV_H-0124\\Laravel\\algebra-crm\\storage\\framework\\views\\2cced0c01eb447f67ed2fc3744b407bc.php(35): Illuminate\\Support\\Collection->__get('first_name')
#1 D:\\Algebra VUA\\POU\\Backend Developer\\Grupe\\OL-OBE_DEV_H-0124\\Laravel\\algebra-crm\\vendor\\laravel\\framework\\src\\Illuminate\\Filesystem\\Filesystem.php(123): require('D:\\\\Algebra VUA\\\\...')
#2 D:\\Algebra VUA\\POU\\Backend Developer\\Grupe\\OL-OBE_DEV_H-0124\\Laravel\\algebra-crm\\vendor\\laravel\\framework\\src\\Illuminate\\Filesystem\\Filesystem.php(124): Illuminate\\Filesystem\\Filesystem::Illuminate\\Filesystem\\{closure}()
#3 D:\\Algebra VUA\\POU\\Backend Developer\\Grupe\\OL-OBE_DEV_H-0124\\Laravel\\algebra-crm\\vendor\\laravel\\framework\\src\\Illuminate\\View\\Engines\\PhpEngine.php(58): Illuminate\\Filesystem\\Filesystem->getRequire('D:\\\\Algebra VUA\\\\...', Array)
#4 D:\\Algebra VUA\\POU\\Backend Developer\\Grupe\\OL-OBE_DEV_H-0124\\Laravel\\algebra-crm\\vendor\\laravel\\framework\\src\\Illuminate\\View\\Engines\\CompilerEngine.php(73): Illuminate\\View\\Engines\\PhpEngine->evaluatePath('D:\\\\Algebra VUA\\\\...', Array)
#5 D:\\Algebra VUA\\POU\\Backend Developer\\Grupe\\OL-OBE_DEV_H-0124\\Laravel\\algebra-crm\\vendor\\laravel\\framework\\src\\Illuminate\\View\\View.php(208): Illuminate\\View\\Engines\\CompilerEngine->get('D:\\\\Algebra VUA\\\\...', Array)
#6 D:\\Algebra VUA\\POU\\Backend Developer\\Grupe\\OL-OBE_DEV_H-0124\\Laravel\\algebra-crm\\vendor\\laravel\\framework\\src\\Illuminate\\View\\View.php(191): Illuminate\\View\\View->getContents()
#7 D:\\Algebra VUA\\POU\\Backend Developer\\Grupe\\OL-OBE_DEV_H-0124\\Laravel\\algebra-crm\\vendor\\laravel\\framework\\src\\Illuminate\\View\\View.php(160): Illuminate\\View\\View->renderContents()
#8 D:\\Algebra VUA\\POU\\Backend Developer\\Grupe\\OL-OBE_DEV_H-0124\\Laravel\\algebra-crm\\vendor\\laravel\\framework\\src\\Illuminate\\Http\\Response.php(70): Illuminate\\View\\View->render()
#9 D:\\Algebra VUA\\POU\\Backend Developer\\Grupe\\OL-OBE_DEV_H-0124\\Laravel\\algebra-crm\\vendor\\laravel\\framework\\src\\Illuminate\\Http\\Response.php(35): Illuminate\\Http\\Response->setContent(Object(Illuminate\\View\\View))
#10 D:\\Algebra VUA\\POU\\Backend Developer\\Grupe\\OL-OBE_DEV_H-0124\\Laravel\\algebra-crm\\vendor\\laravel\\framework\\src\\Illuminate\\Routing\\Router.php(918): Illuminate\\Http\\Response->__construct(Object(Illuminate\\View\\View), 200, Array)
#11 D:\\Algebra VUA\\POU\\Backend Developer\\Grupe\\OL-OBE_DEV_H-0124\\Laravel\\algebra-crm\\vendor\\laravel\\framework\\src\\Illuminate\\Routing\\Router.php(885): Illuminate\\Routing\\Router::toResponse(Object(Illuminate\\Http\\Request), Object(Illuminate\\View\\View))
#12 D:\\Algebra VUA\\POU\\Backend Developer\\Grupe\\OL-OBE_DEV_H-0124\\Laravel\\algebra-crm\\vendor\\laravel\\framework\\src\\Illuminate\\Routing\\Router.php(805): Illuminate\\Routing\\Router->prepareResponse(Object(Illuminate\\Http\\Request), Object(Illuminate\\View\\View))
#13 D:\\Algebra VUA\\POU\\Backend Developer\\Grupe\\OL-OBE_DEV_H-0124\\Laravel\\algebra-crm\\vendor\\laravel\\framework\\src\\Illuminate\\Pipeline\\Pipeline.php(144): Illuminate\\Routing\\Router->Illuminate\\Routing\\{closure}(Object(Illuminate\\Http\\Request))
#14 D:\\Algebra VUA\\POU\\Backend Developer\\Grupe\\OL-OBE_DEV_H-0124\\Laravel\\algebra-crm\\vendor\\laravel\\framework\\src\\Illuminate\\Routing\\Middleware\\SubstituteBindings.php(50): Illuminate\\Pipeline\\Pipeline->Illuminate\\Pipeline\\{closure}(Object(Illuminate\\Http\\Request))
#15 D:\\Algebra VUA\\POU\\Backend Developer\\Grupe\\OL-OBE_DEV_H-0124\\Laravel\\algebra-crm\\vendor\\laravel\\framework\\src\\Illuminate\\Pipeline\\Pipeline.php(183): Illuminate\\Routing\\Middleware\\SubstituteBindings->handle(Object(Illuminate\\Http\\Request), Object(Closure))
#16 D:\\Algebra VUA\\POU\\Backend Developer\\Grupe\\OL-OBE_DEV_H-0124\\Laravel\\algebra-crm\\vendor\\laravel\\framework\\src\\Illuminate\\Auth\\Middleware\\Authenticate.php(64): Illuminate\\Pipeline\\Pipeline->Illuminate\\Pipeline\\{closure}(Object(Illuminate\\Http\\Request))
#17 D:\\Algebra VUA\\POU\\Backend Developer\\Grupe\\OL-OBE_DEV_H-0124\\Laravel\\algebra-crm\\vendor\\laravel\\framework\\src\\Illuminate\\Pipeline\\Pipeline.php(183): Illuminate\\Auth\\Middleware\\Authenticate->handle(Object(Illuminate\\Http\\Request), Object(Closure))
#18 D:\\Algebra VUA\\POU\\Backend Developer\\Grupe\\OL-OBE_DEV_H-0124\\Laravel\\algebra-crm\\vendor\\laravel\\framework\\src\\Illuminate\\Foundation\\Http\\Middleware\\VerifyCsrfToken.php(88): Illuminate\\Pipeline\\Pipeline->Illuminate\\Pipeline\\{closure}(Object(Illuminate\\Http\\Request))
#19 D:\\Algebra VUA\\POU\\Backend Developer\\Grupe\\OL-OBE_DEV_H-0124\\Laravel\\algebra-crm\\vendor\\laravel\\framework\\src\\Illuminate\\Pipeline\\Pipeline.php(183): Illuminate\\Foundation\\Http\\Middleware\\VerifyCsrfToken->handle(Object(Illuminate\\Http\\Request), Object(Closure))
#20 D:\\Algebra VUA\\POU\\Backend Developer\\Grupe\\OL-OBE_DEV_H-0124\\Laravel\\algebra-crm\\vendor\\laravel\\framework\\src\\Illuminate\\View\\Middleware\\ShareErrorsFromSession.php(49): Illuminate\\Pipeline\\Pipeline->Illuminate\\Pipeline\\{closure}(Object(Illuminate\\Http\\Request))
#21 D:\\Algebra VUA\\POU\\Backend Developer\\Grupe\\OL-OBE_DEV_H-0124\\Laravel\\algebra-crm\\vendor\\laravel\\framework\\src\\Illuminate\\Pipeline\\Pipeline.php(183): Illuminate\\View\\Middleware\\ShareErrorsFromSession->handle(Object(Illuminate\\Http\\Request), Object(Closure))
#22 D:\\Algebra VUA\\POU\\Backend Developer\\Grupe\\OL-OBE_DEV_H-0124\\Laravel\\algebra-crm\\vendor\\laravel\\framework\\src\\Illuminate\\Session\\Middleware\\StartSession.php(121): Illuminate\\Pipeline\\Pipeline->Illuminate\\Pipeline\\{closure}(Object(Illuminate\\Http\\Request))
#23 D:\\Algebra VUA\\POU\\Backend Developer\\Grupe\\OL-OBE_DEV_H-0124\\Laravel\\algebra-crm\\vendor\\laravel\\framework\\src\\Illuminate\\Session\\Middleware\\StartSession.php(64): Illuminate\\Session\\Middleware\\StartSession->handleStatefulRequest(Object(Illuminate\\Http\\Request), Object(Illuminate\\Session\\Store), Object(Closure))
#24 D:\\Algebra VUA\\POU\\Backend Developer\\Grupe\\OL-OBE_DEV_H-0124\\Laravel\\algebra-crm\\vendor\\laravel\\framework\\src\\Illuminate\\Pipeline\\Pipeline.php(183): Illuminate\\Session\\Middleware\\StartSession->handle(Object(Illuminate\\Http\\Request), Object(Closure))
#25 D:\\Algebra VUA\\POU\\Backend Developer\\Grupe\\OL-OBE_DEV_H-0124\\Laravel\\algebra-crm\\vendor\\laravel\\framework\\src\\Illuminate\\Cookie\\Middleware\\AddQueuedCookiesToResponse.php(37): Illuminate\\Pipeline\\Pipeline->Illuminate\\Pipeline\\{closure}(Object(Illuminate\\Http\\Request))
#26 D:\\Algebra VUA\\POU\\Backend Developer\\Grupe\\OL-OBE_DEV_H-0124\\Laravel\\algebra-crm\\vendor\\laravel\\framework\\src\\Illuminate\\Pipeline\\Pipeline.php(183): Illuminate\\Cookie\\Middleware\\AddQueuedCookiesToResponse->handle(Object(Illuminate\\Http\\Request), Object(Closure))
#27 D:\\Algebra VUA\\POU\\Backend Developer\\Grupe\\OL-OBE_DEV_H-0124\\Laravel\\algebra-crm\\vendor\\laravel\\framework\\src\\Illuminate\\Cookie\\Middleware\\EncryptCookies.php(75): Illuminate\\Pipeline\\Pipeline->Illuminate\\Pipeline\\{closure}(Object(Illuminate\\Http\\Request))
#28 D:\\Algebra VUA\\POU\\Backend Developer\\Grupe\\OL-OBE_DEV_H-0124\\Laravel\\algebra-crm\\vendor\\laravel\\framework\\src\\Illuminate\\Pipeline\\Pipeline.php(183): Illuminate\\Cookie\\Middleware\\EncryptCookies->handle(Object(Illuminate\\Http\\Request), Object(Closure))
#29 D:\\Algebra VUA\\POU\\Backend Developer\\Grupe\\OL-OBE_DEV_H-0124\\Laravel\\algebra-crm\\vendor\\laravel\\framework\\src\\Illuminate\\Pipeline\\Pipeline.php(119): Illuminate\\Pipeline\\Pipeline->Illuminate\\Pipeline\\{closure}(Object(Illuminate\\Http\\Request))
#30 D:\\Algebra VUA\\POU\\Backend Developer\\Grupe\\OL-OBE_DEV_H-0124\\Laravel\\algebra-crm\\vendor\\laravel\\framework\\src\\Illuminate\\Routing\\Router.php(805): Illuminate\\Pipeline\\Pipeline->then(Object(Closure))
#31 D:\\Algebra VUA\\POU\\Backend Developer\\Grupe\\OL-OBE_DEV_H-0124\\Laravel\\algebra-crm\\vendor\\laravel\\framework\\src\\Illuminate\\Routing\\Router.php(784): Illuminate\\Routing\\Router->runRouteWithinStack(Object(Illuminate\\Routing\\Route), Object(Illuminate\\Http\\Request))
#32 D:\\Algebra VUA\\POU\\Backend Developer\\Grupe\\OL-OBE_DEV_H-0124\\Laravel\\algebra-crm\\vendor\\laravel\\framework\\src\\Illuminate\\Routing\\Router.php(748): Illuminate\\Routing\\Router->runRoute(Object(Illuminate\\Http\\Request), Object(Illuminate\\Routing\\Route))
#33 D:\\Algebra VUA\\POU\\Backend Developer\\Grupe\\OL-OBE_DEV_H-0124\\Laravel\\algebra-crm\\vendor\\laravel\\framework\\src\\Illuminate\\Routing\\Router.php(737): Illuminate\\Routing\\Router->dispatchToRoute(Object(Illuminate\\Http\\Request))
#34 D:\\Algebra VUA\\POU\\Backend Developer\\Grupe\\OL-OBE_DEV_H-0124\\Laravel\\algebra-crm\\vendor\\laravel\\framework\\src\\Illuminate\\Foundation\\Http\\Kernel.php(200): Illuminate\\Routing\\Router->dispatch(Object(Illuminate\\Http\\Request))
#35 D:\\Algebra VUA\\POU\\Backend Developer\\Grupe\\OL-OBE_DEV_H-0124\\Laravel\\algebra-crm\\vendor\\laravel\\framework\\src\\Illuminate\\Pipeline\\Pipeline.php(144): Illuminate\\Foundation\\Http\\Kernel->Illuminate\\Foundation\\Http\\{closure}(Object(Illuminate\\Http\\Request))
#36 D:\\Algebra VUA\\POU\\Backend Developer\\Grupe\\OL-OBE_DEV_H-0124\\Laravel\\algebra-crm\\vendor\\laravel\\framework\\src\\Illuminate\\Foundation\\Http\\Middleware\\TransformsRequest.php(21): Illuminate\\Pipeline\\Pipeline->Illuminate\\Pipeline\\{closure}(Object(Illuminate\\Http\\Request))
#37 D:\\Algebra VUA\\POU\\Backend Developer\\Grupe\\OL-OBE_DEV_H-0124\\Laravel\\algebra-crm\\vendor\\laravel\\framework\\src\\Illuminate\\Foundation\\Http\\Middleware\\ConvertEmptyStringsToNull.php(31): Illuminate\\Foundation\\Http\\Middleware\\TransformsRequest->handle(Object(Illuminate\\Http\\Request), Object(Closure))
#38 D:\\Algebra VUA\\POU\\Backend Developer\\Grupe\\OL-OBE_DEV_H-0124\\Laravel\\algebra-crm\\vendor\\laravel\\framework\\src\\Illuminate\\Pipeline\\Pipeline.php(183): Illuminate\\Foundation\\Http\\Middleware\\ConvertEmptyStringsToNull->handle(Object(Illuminate\\Http\\Request), Object(Closure))
#39 D:\\Algebra VUA\\POU\\Backend Developer\\Grupe\\OL-OBE_DEV_H-0124\\Laravel\\algebra-crm\\vendor\\laravel\\framework\\src\\Illuminate\\Foundation\\Http\\Middleware\\TransformsRequest.php(21): Illuminate\\Pipeline\\Pipeline->Illuminate\\Pipeline\\{closure}(Object(Illuminate\\Http\\Request))
#40 D:\\Algebra VUA\\POU\\Backend Developer\\Grupe\\OL-OBE_DEV_H-0124\\Laravel\\algebra-crm\\vendor\\laravel\\framework\\src\\Illuminate\\Foundation\\Http\\Middleware\\TrimStrings.php(51): Illuminate\\Foundation\\Http\\Middleware\\TransformsRequest->handle(Object(Illuminate\\Http\\Request), Object(Closure))
#41 D:\\Algebra VUA\\POU\\Backend Developer\\Grupe\\OL-OBE_DEV_H-0124\\Laravel\\algebra-crm\\vendor\\laravel\\framework\\src\\Illuminate\\Pipeline\\Pipeline.php(183): Illuminate\\Foundation\\Http\\Middleware\\TrimStrings->handle(Object(Illuminate\\Http\\Request), Object(Closure))
#42 D:\\Algebra VUA\\POU\\Backend Developer\\Grupe\\OL-OBE_DEV_H-0124\\Laravel\\algebra-crm\\vendor\\laravel\\framework\\src\\Illuminate\\Http\\Middleware\\ValidatePostSize.php(27): Illuminate\\Pipeline\\Pipeline->Illuminate\\Pipeline\\{closure}(Object(Illuminate\\Http\\Request))
#43 D:\\Algebra VUA\\POU\\Backend Developer\\Grupe\\OL-OBE_DEV_H-0124\\Laravel\\algebra-crm\\vendor\\laravel\\framework\\src\\Illuminate\\Pipeline\\Pipeline.php(183): Illuminate\\Http\\Middleware\\ValidatePostSize->handle(Object(Illuminate\\Http\\Request), Object(Closure))
#44 D:\\Algebra VUA\\POU\\Backend Developer\\Grupe\\OL-OBE_DEV_H-0124\\Laravel\\algebra-crm\\vendor\\laravel\\framework\\src\\Illuminate\\Foundation\\Http\\Middleware\\PreventRequestsDuringMaintenance.php(110): Illuminate\\Pipeline\\Pipeline->Illuminate\\Pipeline\\{closure}(Object(Illuminate\\Http\\Request))
#45 D:\\Algebra VUA\\POU\\Backend Developer\\Grupe\\OL-OBE_DEV_H-0124\\Laravel\\algebra-crm\\vendor\\laravel\\framework\\src\\Illuminate\\Pipeline\\Pipeline.php(183): Illuminate\\Foundation\\Http\\Middleware\\PreventRequestsDuringMaintenance->handle(Object(Illuminate\\Http\\Request), Object(Closure))
#46 D:\\Algebra VUA\\POU\\Backend Developer\\Grupe\\OL-OBE_DEV_H-0124\\Laravel\\algebra-crm\\vendor\\laravel\\framework\\src\\Illuminate\\Http\\Middleware\\HandleCors.php(49): Illuminate\\Pipeline\\Pipeline->Illuminate\\Pipeline\\{closure}(Object(Illuminate\\Http\\Request))
#47 D:\\Algebra VUA\\POU\\Backend Developer\\Grupe\\OL-OBE_DEV_H-0124\\Laravel\\algebra-crm\\vendor\\laravel\\framework\\src\\Illuminate\\Pipeline\\Pipeline.php(183): Illuminate\\Http\\Middleware\\HandleCors->handle(Object(Illuminate\\Http\\Request), Object(Closure))
#48 D:\\Algebra VUA\\POU\\Backend Developer\\Grupe\\OL-OBE_DEV_H-0124\\Laravel\\algebra-crm\\vendor\\laravel\\framework\\src\\Illuminate\\Http\\Middleware\\TrustProxies.php(57): Illuminate\\Pipeline\\Pipeline->Illuminate\\Pipeline\\{closure}(Object(Illuminate\\Http\\Request))
#49 D:\\Algebra VUA\\POU\\Backend Developer\\Grupe\\OL-OBE_DEV_H-0124\\Laravel\\algebra-crm\\vendor\\laravel\\framework\\src\\Illuminate\\Pipeline\\Pipeline.php(183): Illuminate\\Http\\Middleware\\TrustProxies->handle(Object(Illuminate\\Http\\Request), Object(Closure))
#50 D:\\Algebra VUA\\POU\\Backend Developer\\Grupe\\OL-OBE_DEV_H-0124\\Laravel\\algebra-crm\\vendor\\laravel\\framework\\src\\Illuminate\\Pipeline\\Pipeline.php(119): Illuminate\\Pipeline\\Pipeline->Illuminate\\Pipeline\\{closure}(Object(Illuminate\\Http\\Request))
#51 D:\\Algebra VUA\\POU\\Backend Developer\\Grupe\\OL-OBE_DEV_H-0124\\Laravel\\algebra-crm\\vendor\\laravel\\framework\\src\\Illuminate\\Foundation\\Http\\Kernel.php(175): Illuminate\\Pipeline\\Pipeline->then(Object(Closure))
#52 D:\\Algebra VUA\\POU\\Backend Developer\\Grupe\\OL-OBE_DEV_H-0124\\Laravel\\algebra-crm\\vendor\\laravel\\framework\\src\\Illuminate\\Foundation\\Http\\Kernel.php(144): Illuminate\\Foundation\\Http\\Kernel->sendRequestThroughRouter(Object(Illuminate\\Http\\Request))
#53 D:\\Algebra VUA\\POU\\Backend Developer\\Grupe\\OL-OBE_DEV_H-0124\\Laravel\\algebra-crm\\vendor\\laravel\\framework\\src\\Illuminate\\Foundation\\Application.php(1183): Illuminate\\Foundation\\Http\\Kernel->handle(Object(Illuminate\\Http\\Request))
#54 D:\\Algebra VUA\\POU\\Backend Developer\\Grupe\\OL-OBE_DEV_H-0124\\Laravel\\algebra-crm\\public\\index.php(17): Illuminate\\Foundation\\Application->handleRequest(Object(Illuminate\\Http\\Request))
#55 D:\\Algebra VUA\\POU\\Backend Developer\\Grupe\\OL-OBE_DEV_H-0124\\Laravel\\algebra-crm\\vendor\\laravel\\framework\\src\\Illuminate\\Foundation\\resources\\server.php(16): require_once('D:\\\\Algebra VUA\\\\...')
#56 {main}
"} 
[2024-06-25 09:01:31] local.ERROR: Class "App\Models\Client" not found {"userId":13,"exception":"[object] (Error(code: 0): Class \"App\\Models\\Client\" not found at D:\\Algebra VUA\\POU\\Backend Developer\\Grupe\\OL-OBE_DEV_H-0124\\Laravel\\algebra-crm\\app\\Http\\Controllers\\ClientController.php:16)
[stacktrace]
#0 D:\\Algebra VUA\\POU\\Backend Developer\\Grupe\\OL-OBE_DEV_H-0124\\Laravel\\algebra-crm\\vendor\\laravel\\framework\\src\\Illuminate\\Routing\\ControllerDispatcher.php(46): App\\Http\\Controllers\\ClientController->index()
#1 D:\\Algebra VUA\\POU\\Backend Developer\\Grupe\\OL-OBE_DEV_H-0124\\Laravel\\algebra-crm\\vendor\\laravel\\framework\\src\\Illuminate\\Routing\\Route.php(260): Illuminate\\Routing\\ControllerDispatcher->dispatch(Object(Illuminate\\Routing\\Route), Object(App\\Http\\Controllers\\ClientController), 'index')
#2 D:\\Algebra VUA\\POU\\Backend Developer\\Grupe\\OL-OBE_DEV_H-0124\\Laravel\\algebra-crm\\vendor\\laravel\\framework\\src\\Illuminate\\Routing\\Route.php(206): Illuminate\\Routing\\Route->runController()
#3 D:\\Algebra VUA\\POU\\Backend Developer\\Grupe\\OL-OBE_DEV_H-0124\\Laravel\\algebra-crm\\vendor\\laravel\\framework\\src\\Illuminate\\Routing\\Router.php(806): Illuminate\\Routing\\Route->run()
#4 D:\\Algebra VUA\\POU\\Backend Developer\\Grupe\\OL-OBE_DEV_H-0124\\Laravel\\algebra-crm\\vendor\\laravel\\framework\\src\\Illuminate\\Pipeline\\Pipeline.php(144): Illuminate\\Routing\\Router->Illuminate\\Routing\\{closure}(Object(Illuminate\\Http\\Request))
#5 D:\\Algebra VUA\\POU\\Backend Developer\\Grupe\\OL-OBE_DEV_H-0124\\Laravel\\algebra-crm\\vendor\\laravel\\framework\\src\\Illuminate\\Routing\\Middleware\\SubstituteBindings.php(50): Illuminate\\Pipeline\\Pipeline->Illuminate\\Pipeline\\{closure}(Object(Illuminate\\Http\\Request))
#6 D:\\Algebra VUA\\POU\\Backend Developer\\Grupe\\OL-OBE_DEV_H-0124\\Laravel\\algebra-crm\\vendor\\laravel\\framework\\src\\Illuminate\\Pipeline\\Pipeline.php(183): Illuminate\\Routing\\Middleware\\SubstituteBindings->handle(Object(Illuminate\\Http\\Request), Object(Closure))
#7 D:\\Algebra VUA\\POU\\Backend Developer\\Grupe\\OL-OBE_DEV_H-0124\\Laravel\\algebra-crm\\vendor\\laravel\\framework\\src\\Illuminate\\Auth\\Middleware\\Authenticate.php(64): Illuminate\\Pipeline\\Pipeline->Illuminate\\Pipeline\\{closure}(Object(Illuminate\\Http\\Request))
#8 D:\\Algebra VUA\\POU\\Backend Developer\\Grupe\\OL-OBE_DEV_H-0124\\Laravel\\algebra-crm\\vendor\\laravel\\framework\\src\\Illuminate\\Pipeline\\Pipeline.php(183): Illuminate\\Auth\\Middleware\\Authenticate->handle(Object(Illuminate\\Http\\Request), Object(Closure))
#9 D:\\Algebra VUA\\POU\\Backend Developer\\Grupe\\OL-OBE_DEV_H-0124\\Laravel\\algebra-crm\\vendor\\laravel\\framework\\src\\Illuminate\\Foundation\\Http\\Middleware\\VerifyCsrfToken.php(88): Illuminate\\Pipeline\\Pipeline->Illuminate\\Pipeline\\{closure}(Object(Illuminate\\Http\\Request))
#10 D:\\Algebra VUA\\POU\\Backend Developer\\Grupe\\OL-OBE_DEV_H-0124\\Laravel\\algebra-crm\\vendor\\laravel\\framework\\src\\Illuminate\\Pipeline\\Pipeline.php(183): Illuminate\\Foundation\\Http\\Middleware\\VerifyCsrfToken->handle(Object(Illuminate\\Http\\Request), Object(Closure))
#11 D:\\Algebra VUA\\POU\\Backend Developer\\Grupe\\OL-OBE_DEV_H-0124\\Laravel\\algebra-crm\\vendor\\laravel\\framework\\src\\Illuminate\\View\\Middleware\\ShareErrorsFromSession.php(49): Illuminate\\Pipeline\\Pipeline->Illuminate\\Pipeline\\{closure}(Object(Illuminate\\Http\\Request))
#12 D:\\Algebra VUA\\POU\\Backend Developer\\Grupe\\OL-OBE_DEV_H-0124\\Laravel\\algebra-crm\\vendor\\laravel\\framework\\src\\Illuminate\\Pipeline\\Pipeline.php(183): Illuminate\\View\\Middleware\\ShareErrorsFromSession->handle(Object(Illuminate\\Http\\Request), Object(Closure))
#13 D:\\Algebra VUA\\POU\\Backend Developer\\Grupe\\OL-OBE_DEV_H-0124\\Laravel\\algebra-crm\\vendor\\laravel\\framework\\src\\Illuminate\\Session\\Middleware\\StartSession.php(121): Illuminate\\Pipeline\\Pipeline->Illuminate\\Pipeline\\{closure}(Object(Illuminate\\Http\\Request))
#14 D:\\Algebra VUA\\POU\\Backend Developer\\Grupe\\OL-OBE_DEV_H-0124\\Laravel\\algebra-crm\\vendor\\laravel\\framework\\src\\Illuminate\\Session\\Middleware\\StartSession.php(64): Illuminate\\Session\\Middleware\\StartSession->handleStatefulRequest(Object(Illuminate\\Http\\Request), Object(Illuminate\\Session\\Store), Object(Closure))
#15 D:\\Algebra VUA\\POU\\Backend Developer\\Grupe\\OL-OBE_DEV_H-0124\\Laravel\\algebra-crm\\vendor\\laravel\\framework\\src\\Illuminate\\Pipeline\\Pipeline.php(183): Illuminate\\Session\\Middleware\\StartSession->handle(Object(Illuminate\\Http\\Request), Object(Closure))
#16 D:\\Algebra VUA\\POU\\Backend Developer\\Grupe\\OL-OBE_DEV_H-0124\\Laravel\\algebra-crm\\vendor\\laravel\\framework\\src\\Illuminate\\Cookie\\Middleware\\AddQueuedCookiesToResponse.php(37): Illuminate\\Pipeline\\Pipeline->Illuminate\\Pipeline\\{closure}(Object(Illuminate\\Http\\Request))
#17 D:\\Algebra VUA\\POU\\Backend Developer\\Grupe\\OL-OBE_DEV_H-0124\\Laravel\\algebra-crm\\vendor\\laravel\\framework\\src\\Illuminate\\Pipeline\\Pipeline.php(183): Illuminate\\Cookie\\Middleware\\AddQueuedCookiesToResponse->handle(Object(Illuminate\\Http\\Request), Object(Closure))
#18 D:\\Algebra VUA\\POU\\Backend Developer\\Grupe\\OL-OBE_DEV_H-0124\\Laravel\\algebra-crm\\vendor\\laravel\\framework\\src\\Illuminate\\Cookie\\Middleware\\EncryptCookies.php(75): Illuminate\\Pipeline\\Pipeline->Illuminate\\Pipeline\\{closure}(Object(Illuminate\\Http\\Request))
#19 D:\\Algebra VUA\\POU\\Backend Developer\\Grupe\\OL-OBE_DEV_H-0124\\Laravel\\algebra-crm\\vendor\\laravel\\framework\\src\\Illuminate\\Pipeline\\Pipeline.php(183): Illuminate\\Cookie\\Middleware\\EncryptCookies->handle(Object(Illuminate\\Http\\Request), Object(Closure))
#20 D:\\Algebra VUA\\POU\\Backend Developer\\Grupe\\OL-OBE_DEV_H-0124\\Laravel\\algebra-crm\\vendor\\laravel\\framework\\src\\Illuminate\\Pipeline\\Pipeline.php(119): Illuminate\\Pipeline\\Pipeline->Illuminate\\Pipeline\\{closure}(Object(Illuminate\\Http\\Request))
#21 D:\\Algebra VUA\\POU\\Backend Developer\\Grupe\\OL-OBE_DEV_H-0124\\Laravel\\algebra-crm\\vendor\\laravel\\framework\\src\\Illuminate\\Routing\\Router.php(805): Illuminate\\Pipeline\\Pipeline->then(Object(Closure))
#22 D:\\Algebra VUA\\POU\\Backend Developer\\Grupe\\OL-OBE_DEV_H-0124\\Laravel\\algebra-crm\\vendor\\laravel\\framework\\src\\Illuminate\\Routing\\Router.php(784): Illuminate\\Routing\\Router->runRouteWithinStack(Object(Illuminate\\Routing\\Route), Object(Illuminate\\Http\\Request))
#23 D:\\Algebra VUA\\POU\\Backend Developer\\Grupe\\OL-OBE_DEV_H-0124\\Laravel\\algebra-crm\\vendor\\laravel\\framework\\src\\Illuminate\\Routing\\Router.php(748): Illuminate\\Routing\\Router->runRoute(Object(Illuminate\\Http\\Request), Object(Illuminate\\Routing\\Route))
#24 D:\\Algebra VUA\\POU\\Backend Developer\\Grupe\\OL-OBE_DEV_H-0124\\Laravel\\algebra-crm\\vendor\\laravel\\framework\\src\\Illuminate\\Routing\\Router.php(737): Illuminate\\Routing\\Router->dispatchToRoute(Object(Illuminate\\Http\\Request))
#25 D:\\Algebra VUA\\POU\\Backend Developer\\Grupe\\OL-OBE_DEV_H-0124\\Laravel\\algebra-crm\\vendor\\laravel\\framework\\src\\Illuminate\\Foundation\\Http\\Kernel.php(200): Illuminate\\Routing\\Router->dispatch(Object(Illuminate\\Http\\Request))
#26 D:\\Algebra VUA\\POU\\Backend Developer\\Grupe\\OL-OBE_DEV_H-0124\\Laravel\\algebra-crm\\vendor\\laravel\\framework\\src\\Illuminate\\Pipeline\\Pipeline.php(144): Illuminate\\Foundation\\Http\\Kernel->Illuminate\\Foundation\\Http\\{closure}(Object(Illuminate\\Http\\Request))
#27 D:\\Algebra VUA\\POU\\Backend Developer\\Grupe\\OL-OBE_DEV_H-0124\\Laravel\\algebra-crm\\vendor\\laravel\\framework\\src\\Illuminate\\Foundation\\Http\\Middleware\\TransformsRequest.php(21): Illuminate\\Pipeline\\Pipeline->Illuminate\\Pipeline\\{closure}(Object(Illuminate\\Http\\Request))
#28 D:\\Algebra VUA\\POU\\Backend Developer\\Grupe\\OL-OBE_DEV_H-0124\\Laravel\\algebra-crm\\vendor\\laravel\\framework\\src\\Illuminate\\Foundation\\Http\\Middleware\\ConvertEmptyStringsToNull.php(31): Illuminate\\Foundation\\Http\\Middleware\\TransformsRequest->handle(Object(Illuminate\\Http\\Request), Object(Closure))
#29 D:\\Algebra VUA\\POU\\Backend Developer\\Grupe\\OL-OBE_DEV_H-0124\\Laravel\\algebra-crm\\vendor\\laravel\\framework\\src\\Illuminate\\Pipeline\\Pipeline.php(183): Illuminate\\Foundation\\Http\\Middleware\\ConvertEmptyStringsToNull->handle(Object(Illuminate\\Http\\Request), Object(Closure))
#30 D:\\Algebra VUA\\POU\\Backend Developer\\Grupe\\OL-OBE_DEV_H-0124\\Laravel\\algebra-crm\\vendor\\laravel\\framework\\src\\Illuminate\\Foundation\\Http\\Middleware\\TransformsRequest.php(21): Illuminate\\Pipeline\\Pipeline->Illuminate\\Pipeline\\{closure}(Object(Illuminate\\Http\\Request))
#31 D:\\Algebra VUA\\POU\\Backend Developer\\Grupe\\OL-OBE_DEV_H-0124\\Laravel\\algebra-crm\\vendor\\laravel\\framework\\src\\Illuminate\\Foundation\\Http\\Middleware\\TrimStrings.php(51): Illuminate\\Foundation\\Http\\Middleware\\TransformsRequest->handle(Object(Illuminate\\Http\\Request), Object(Closure))
#32 D:\\Algebra VUA\\POU\\Backend Developer\\Grupe\\OL-OBE_DEV_H-0124\\Laravel\\algebra-crm\\vendor\\laravel\\framework\\src\\Illuminate\\Pipeline\\Pipeline.php(183): Illuminate\\Foundation\\Http\\Middleware\\TrimStrings->handle(Object(Illuminate\\Http\\Request), Object(Closure))
#33 D:\\Algebra VUA\\POU\\Backend Developer\\Grupe\\OL-OBE_DEV_H-0124\\Laravel\\algebra-crm\\vendor\\laravel\\framework\\src\\Illuminate\\Http\\Middleware\\ValidatePostSize.php(27): Illuminate\\Pipeline\\Pipeline->Illuminate\\Pipeline\\{closure}(Object(Illuminate\\Http\\Request))
#34 D:\\Algebra VUA\\POU\\Backend Developer\\Grupe\\OL-OBE_DEV_H-0124\\Laravel\\algebra-crm\\vendor\\laravel\\framework\\src\\Illuminate\\Pipeline\\Pipeline.php(183): Illuminate\\Http\\Middleware\\ValidatePostSize->handle(Object(Illuminate\\Http\\Request), Object(Closure))
#35 D:\\Algebra VUA\\POU\\Backend Developer\\Grupe\\OL-OBE_DEV_H-0124\\Laravel\\algebra-crm\\vendor\\laravel\\framework\\src\\Illuminate\\Foundation\\Http\\Middleware\\PreventRequestsDuringMaintenance.php(110): Illuminate\\Pipeline\\Pipeline->Illuminate\\Pipeline\\{closure}(Object(Illuminate\\Http\\Request))
#36 D:\\Algebra VUA\\POU\\Backend Developer\\Grupe\\OL-OBE_DEV_H-0124\\Laravel\\algebra-crm\\vendor\\laravel\\framework\\src\\Illuminate\\Pipeline\\Pipeline.php(183): Illuminate\\Foundation\\Http\\Middleware\\PreventRequestsDuringMaintenance->handle(Object(Illuminate\\Http\\Request), Object(Closure))
#37 D:\\Algebra VUA\\POU\\Backend Developer\\Grupe\\OL-OBE_DEV_H-0124\\Laravel\\algebra-crm\\vendor\\laravel\\framework\\src\\Illuminate\\Http\\Middleware\\HandleCors.php(49): Illuminate\\Pipeline\\Pipeline->Illuminate\\Pipeline\\{closure}(Object(Illuminate\\Http\\Request))
#38 D:\\Algebra VUA\\POU\\Backend Developer\\Grupe\\OL-OBE_DEV_H-0124\\Laravel\\algebra-crm\\vendor\\laravel\\framework\\src\\Illuminate\\Pipeline\\Pipeline.php(183): Illuminate\\Http\\Middleware\\HandleCors->handle(Object(Illuminate\\Http\\Request), Object(Closure))
#39 D:\\Algebra VUA\\POU\\Backend Developer\\Grupe\\OL-OBE_DEV_H-0124\\Laravel\\algebra-crm\\vendor\\laravel\\framework\\src\\Illuminate\\Http\\Middleware\\TrustProxies.php(57): Illuminate\\Pipeline\\Pipeline->Illuminate\\Pipeline\\{closure}(Object(Illuminate\\Http\\Request))
#40 D:\\Algebra VUA\\POU\\Backend Developer\\Grupe\\OL-OBE_DEV_H-0124\\Laravel\\algebra-crm\\vendor\\laravel\\framework\\src\\Illuminate\\Pipeline\\Pipeline.php(183): Illuminate\\Http\\Middleware\\TrustProxies->handle(Object(Illuminate\\Http\\Request), Object(Closure))
#41 D:\\Algebra VUA\\POU\\Backend Developer\\Grupe\\OL-OBE_DEV_H-0124\\Laravel\\algebra-crm\\vendor\\laravel\\framework\\src\\Illuminate\\Pipeline\\Pipeline.php(119): Illuminate\\Pipeline\\Pipeline->Illuminate\\Pipeline\\{closure}(Object(Illuminate\\Http\\Request))
#42 D:\\Algebra VUA\\POU\\Backend Developer\\Grupe\\OL-OBE_DEV_H-0124\\Laravel\\algebra-crm\\vendor\\laravel\\framework\\src\\Illuminate\\Foundation\\Http\\Kernel.php(175): Illuminate\\Pipeline\\Pipeline->then(Object(Closure))
#43 D:\\Algebra VUA\\POU\\Backend Developer\\Grupe\\OL-OBE_DEV_H-0124\\Laravel\\algebra-crm\\vendor\\laravel\\framework\\src\\Illuminate\\Foundation\\Http\\Kernel.php(144): Illuminate\\Foundation\\Http\\Kernel->sendRequestThroughRouter(Object(Illuminate\\Http\\Request))
#44 D:\\Algebra VUA\\POU\\Backend Developer\\Grupe\\OL-OBE_DEV_H-0124\\Laravel\\algebra-crm\\vendor\\laravel\\framework\\src\\Illuminate\\Foundation\\Application.php(1183): Illuminate\\Foundation\\Http\\Kernel->handle(Object(Illuminate\\Http\\Request))
#45 D:\\Algebra VUA\\POU\\Backend Developer\\Grupe\\OL-OBE_DEV_H-0124\\Laravel\\algebra-crm\\public\\index.php(17): Illuminate\\Foundation\\Application->handleRequest(Object(Illuminate\\Http\\Request))
#46 D:\\Algebra VUA\\POU\\Backend Developer\\Grupe\\OL-OBE_DEV_H-0124\\Laravel\\algebra-crm\\vendor\\laravel\\framework\\src\\Illuminate\\Foundation\\resources\\server.php(16): require_once('D:\\\\Algebra VUA\\\\...')
#47 {main}
"} 
[2024-06-25 09:04:14] local.ERROR: Maximum execution time of 60 seconds exceeded {"userId":13,"exception":"[object] (Symfony\\Component\\ErrorHandler\\Error\\FatalError(code: 0): Maximum execution time of 60 seconds exceeded at D:\\Algebra VUA\\POU\\Backend Developer\\Grupe\\OL-OBE_DEV_H-0124\\Laravel\\algebra-crm\\vendor\\laravel\\framework\\src\\Illuminate\\Collections\\Arr.php:337)
[stacktrace]
#0 {main}
"} 
[2024-06-25 09:06:23] local.ERROR: Call to undefined method Illuminate\Database\Eloquent\Builder::all() {"userId":13,"exception":"[object] (BadMethodCallException(code: 0): Call to undefined method Illuminate\\Database\\Eloquent\\Builder::all() at D:\\Algebra VUA\\POU\\Backend Developer\\Grupe\\OL-OBE_DEV_H-0124\\Laravel\\algebra-crm\\vendor\\laravel\\framework\\src\\Illuminate\\Support\\Traits\\ForwardsCalls.php:67)
[stacktrace]
#0 D:\\Algebra VUA\\POU\\Backend Developer\\Grupe\\OL-OBE_DEV_H-0124\\Laravel\\algebra-crm\\vendor\\laravel\\framework\\src\\Illuminate\\Support\\Traits\\ForwardsCalls.php(36): Illuminate\\Database\\Eloquent\\Builder::throwBadMethodCallException('all')
#1 D:\\Algebra VUA\\POU\\Backend Developer\\Grupe\\OL-OBE_DEV_H-0124\\Laravel\\algebra-crm\\vendor\\laravel\\framework\\src\\Illuminate\\Database\\Eloquent\\Builder.php(2028): Illuminate\\Database\\Eloquent\\Builder->forwardCallTo(Object(Illuminate\\Database\\Query\\Builder), 'all', Array)
#2 D:\\Algebra VUA\\POU\\Backend Developer\\Grupe\\OL-OBE_DEV_H-0124\\Laravel\\algebra-crm\\app\\Http\\Controllers\\ClientController.php(16): Illuminate\\Database\\Eloquent\\Builder->__call('all', Array)
#3 D:\\Algebra VUA\\POU\\Backend Developer\\Grupe\\OL-OBE_DEV_H-0124\\Laravel\\algebra-crm\\vendor\\laravel\\framework\\src\\Illuminate\\Routing\\ControllerDispatcher.php(46): App\\Http\\Controllers\\ClientController->index()
#4 D:\\Algebra VUA\\POU\\Backend Developer\\Grupe\\OL-OBE_DEV_H-0124\\Laravel\\algebra-crm\\vendor\\laravel\\framework\\src\\Illuminate\\Routing\\Route.php(260): Illuminate\\Routing\\ControllerDispatcher->dispatch(Object(Illuminate\\Routing\\Route), Object(App\\Http\\Controllers\\ClientController), 'index')
#5 D:\\Algebra VUA\\POU\\Backend Developer\\Grupe\\OL-OBE_DEV_H-0124\\Laravel\\algebra-crm\\vendor\\laravel\\framework\\src\\Illuminate\\Routing\\Route.php(206): Illuminate\\Routing\\Route->runController()
#6 D:\\Algebra VUA\\POU\\Backend Developer\\Grupe\\OL-OBE_DEV_H-0124\\Laravel\\algebra-crm\\vendor\\laravel\\framework\\src\\Illuminate\\Routing\\Router.php(806): Illuminate\\Routing\\Route->run()
#7 D:\\Algebra VUA\\POU\\Backend Developer\\Grupe\\OL-OBE_DEV_H-0124\\Laravel\\algebra-crm\\vendor\\laravel\\framework\\src\\Illuminate\\Pipeline\\Pipeline.php(144): Illuminate\\Routing\\Router->Illuminate\\Routing\\{closure}(Object(Illuminate\\Http\\Request))
#8 D:\\Algebra VUA\\POU\\Backend Developer\\Grupe\\OL-OBE_DEV_H-0124\\Laravel\\algebra-crm\\vendor\\laravel\\framework\\src\\Illuminate\\Routing\\Middleware\\SubstituteBindings.php(50): Illuminate\\Pipeline\\Pipeline->Illuminate\\Pipeline\\{closure}(Object(Illuminate\\Http\\Request))
#9 D:\\Algebra VUA\\POU\\Backend Developer\\Grupe\\OL-OBE_DEV_H-0124\\Laravel\\algebra-crm\\vendor\\laravel\\framework\\src\\Illuminate\\Pipeline\\Pipeline.php(183): Illuminate\\Routing\\Middleware\\SubstituteBindings->handle(Object(Illuminate\\Http\\Request), Object(Closure))
#10 D:\\Algebra VUA\\POU\\Backend Developer\\Grupe\\OL-OBE_DEV_H-0124\\Laravel\\algebra-crm\\vendor\\laravel\\framework\\src\\Illuminate\\Auth\\Middleware\\Authenticate.php(64): Illuminate\\Pipeline\\Pipeline->Illuminate\\Pipeline\\{closure}(Object(Illuminate\\Http\\Request))
#11 D:\\Algebra VUA\\POU\\Backend Developer\\Grupe\\OL-OBE_DEV_H-0124\\Laravel\\algebra-crm\\vendor\\laravel\\framework\\src\\Illuminate\\Pipeline\\Pipeline.php(183): Illuminate\\Auth\\Middleware\\Authenticate->handle(Object(Illuminate\\Http\\Request), Object(Closure))
#12 D:\\Algebra VUA\\POU\\Backend Developer\\Grupe\\OL-OBE_DEV_H-0124\\Laravel\\algebra-crm\\vendor\\laravel\\framework\\src\\Illuminate\\Foundation\\Http\\Middleware\\VerifyCsrfToken.php(88): Illuminate\\Pipeline\\Pipeline->Illuminate\\Pipeline\\{closure}(Object(Illuminate\\Http\\Request))
#13 D:\\Algebra VUA\\POU\\Backend Developer\\Grupe\\OL-OBE_DEV_H-0124\\Laravel\\algebra-crm\\vendor\\laravel\\framework\\src\\Illuminate\\Pipeline\\Pipeline.php(183): Illuminate\\Foundation\\Http\\Middleware\\VerifyCsrfToken->handle(Object(Illuminate\\Http\\Request), Object(Closure))
#14 D:\\Algebra VUA\\POU\\Backend Developer\\Grupe\\OL-OBE_DEV_H-0124\\Laravel\\algebra-crm\\vendor\\laravel\\framework\\src\\Illuminate\\View\\Middleware\\ShareErrorsFromSession.php(49): Illuminate\\Pipeline\\Pipeline->Illuminate\\Pipeline\\{closure}(Object(Illuminate\\Http\\Request))
#15 D:\\Algebra VUA\\POU\\Backend Developer\\Grupe\\OL-OBE_DEV_H-0124\\Laravel\\algebra-crm\\vendor\\laravel\\framework\\src\\Illuminate\\Pipeline\\Pipeline.php(183): Illuminate\\View\\Middleware\\ShareErrorsFromSession->handle(Object(Illuminate\\Http\\Request), Object(Closure))
#16 D:\\Algebra VUA\\POU\\Backend Developer\\Grupe\\OL-OBE_DEV_H-0124\\Laravel\\algebra-crm\\vendor\\laravel\\framework\\src\\Illuminate\\Session\\Middleware\\StartSession.php(121): Illuminate\\Pipeline\\Pipeline->Illuminate\\Pipeline\\{closure}(Object(Illuminate\\Http\\Request))
#17 D:\\Algebra VUA\\POU\\Backend Developer\\Grupe\\OL-OBE_DEV_H-0124\\Laravel\\algebra-crm\\vendor\\laravel\\framework\\src\\Illuminate\\Session\\Middleware\\StartSession.php(64): Illuminate\\Session\\Middleware\\StartSession->handleStatefulRequest(Object(Illuminate\\Http\\Request), Object(Illuminate\\Session\\Store), Object(Closure))
#18 D:\\Algebra VUA\\POU\\Backend Developer\\Grupe\\OL-OBE_DEV_H-0124\\Laravel\\algebra-crm\\vendor\\laravel\\framework\\src\\Illuminate\\Pipeline\\Pipeline.php(183): Illuminate\\Session\\Middleware\\StartSession->handle(Object(Illuminate\\Http\\Request), Object(Closure))
#19 D:\\Algebra VUA\\POU\\Backend Developer\\Grupe\\OL-OBE_DEV_H-0124\\Laravel\\algebra-crm\\vendor\\laravel\\framework\\src\\Illuminate\\Cookie\\Middleware\\AddQueuedCookiesToResponse.php(37): Illuminate\\Pipeline\\Pipeline->Illuminate\\Pipeline\\{closure}(Object(Illuminate\\Http\\Request))
#20 D:\\Algebra VUA\\POU\\Backend Developer\\Grupe\\OL-OBE_DEV_H-0124\\Laravel\\algebra-crm\\vendor\\laravel\\framework\\src\\Illuminate\\Pipeline\\Pipeline.php(183): Illuminate\\Cookie\\Middleware\\AddQueuedCookiesToResponse->handle(Object(Illuminate\\Http\\Request), Object(Closure))
#21 D:\\Algebra VUA\\POU\\Backend Developer\\Grupe\\OL-OBE_DEV_H-0124\\Laravel\\algebra-crm\\vendor\\laravel\\framework\\src\\Illuminate\\Cookie\\Middleware\\EncryptCookies.php(75): Illuminate\\Pipeline\\Pipeline->Illuminate\\Pipeline\\{closure}(Object(Illuminate\\Http\\Request))
#22 D:\\Algebra VUA\\POU\\Backend Developer\\Grupe\\OL-OBE_DEV_H-0124\\Laravel\\algebra-crm\\vendor\\laravel\\framework\\src\\Illuminate\\Pipeline\\Pipeline.php(183): Illuminate\\Cookie\\Middleware\\EncryptCookies->handle(Object(Illuminate\\Http\\Request), Object(Closure))
#23 D:\\Algebra VUA\\POU\\Backend Developer\\Grupe\\OL-OBE_DEV_H-0124\\Laravel\\algebra-crm\\vendor\\laravel\\framework\\src\\Illuminate\\Pipeline\\Pipeline.php(119): Illuminate\\Pipeline\\Pipeline->Illuminate\\Pipeline\\{closure}(Object(Illuminate\\Http\\Request))
#24 D:\\Algebra VUA\\POU\\Backend Developer\\Grupe\\OL-OBE_DEV_H-0124\\Laravel\\algebra-crm\\vendor\\laravel\\framework\\src\\Illuminate\\Routing\\Router.php(805): Illuminate\\Pipeline\\Pipeline->then(Object(Closure))
#25 D:\\Algebra VUA\\POU\\Backend Developer\\Grupe\\OL-OBE_DEV_H-0124\\Laravel\\algebra-crm\\vendor\\laravel\\framework\\src\\Illuminate\\Routing\\Router.php(784): Illuminate\\Routing\\Router->runRouteWithinStack(Object(Illuminate\\Routing\\Route), Object(Illuminate\\Http\\Request))
#26 D:\\Algebra VUA\\POU\\Backend Developer\\Grupe\\OL-OBE_DEV_H-0124\\Laravel\\algebra-crm\\vendor\\laravel\\framework\\src\\Illuminate\\Routing\\Router.php(748): Illuminate\\Routing\\Router->runRoute(Object(Illuminate\\Http\\Request), Object(Illuminate\\Routing\\Route))
#27 D:\\Algebra VUA\\POU\\Backend Developer\\Grupe\\OL-OBE_DEV_H-0124\\Laravel\\algebra-crm\\vendor\\laravel\\framework\\src\\Illuminate\\Routing\\Router.php(737): Illuminate\\Routing\\Router->dispatchToRoute(Object(Illuminate\\Http\\Request))
#28 D:\\Algebra VUA\\POU\\Backend Developer\\Grupe\\OL-OBE_DEV_H-0124\\Laravel\\algebra-crm\\vendor\\laravel\\framework\\src\\Illuminate\\Foundation\\Http\\Kernel.php(200): Illuminate\\Routing\\Router->dispatch(Object(Illuminate\\Http\\Request))
#29 D:\\Algebra VUA\\POU\\Backend Developer\\Grupe\\OL-OBE_DEV_H-0124\\Laravel\\algebra-crm\\vendor\\laravel\\framework\\src\\Illuminate\\Pipeline\\Pipeline.php(144): Illuminate\\Foundation\\Http\\Kernel->Illuminate\\Foundation\\Http\\{closure}(Object(Illuminate\\Http\\Request))
#30 D:\\Algebra VUA\\POU\\Backend Developer\\Grupe\\OL-OBE_DEV_H-0124\\Laravel\\algebra-crm\\vendor\\laravel\\framework\\src\\Illuminate\\Foundation\\Http\\Middleware\\TransformsRequest.php(21): Illuminate\\Pipeline\\Pipeline->Illuminate\\Pipeline\\{closure}(Object(Illuminate\\Http\\Request))
#31 D:\\Algebra VUA\\POU\\Backend Developer\\Grupe\\OL-OBE_DEV_H-0124\\Laravel\\algebra-crm\\vendor\\laravel\\framework\\src\\Illuminate\\Foundation\\Http\\Middleware\\ConvertEmptyStringsToNull.php(31): Illuminate\\Foundation\\Http\\Middleware\\TransformsRequest->handle(Object(Illuminate\\Http\\Request), Object(Closure))
#32 D:\\Algebra VUA\\POU\\Backend Developer\\Grupe\\OL-OBE_DEV_H-0124\\Laravel\\algebra-crm\\vendor\\laravel\\framework\\src\\Illuminate\\Pipeline\\Pipeline.php(183): Illuminate\\Foundation\\Http\\Middleware\\ConvertEmptyStringsToNull->handle(Object(Illuminate\\Http\\Request), Object(Closure))
#33 D:\\Algebra VUA\\POU\\Backend Developer\\Grupe\\OL-OBE_DEV_H-0124\\Laravel\\algebra-crm\\vendor\\laravel\\framework\\src\\Illuminate\\Foundation\\Http\\Middleware\\TransformsRequest.php(21): Illuminate\\Pipeline\\Pipeline->Illuminate\\Pipeline\\{closure}(Object(Illuminate\\Http\\Request))
#34 D:\\Algebra VUA\\POU\\Backend Developer\\Grupe\\OL-OBE_DEV_H-0124\\Laravel\\algebra-crm\\vendor\\laravel\\framework\\src\\Illuminate\\Foundation\\Http\\Middleware\\TrimStrings.php(51): Illuminate\\Foundation\\Http\\Middleware\\TransformsRequest->handle(Object(Illuminate\\Http\\Request), Object(Closure))
#35 D:\\Algebra VUA\\POU\\Backend Developer\\Grupe\\OL-OBE_DEV_H-0124\\Laravel\\algebra-crm\\vendor\\laravel\\framework\\src\\Illuminate\\Pipeline\\Pipeline.php(183): Illuminate\\Foundation\\Http\\Middleware\\TrimStrings->handle(Object(Illuminate\\Http\\Request), Object(Closure))
#36 D:\\Algebra VUA\\POU\\Backend Developer\\Grupe\\OL-OBE_DEV_H-0124\\Laravel\\algebra-crm\\vendor\\laravel\\framework\\src\\Illuminate\\Http\\Middleware\\ValidatePostSize.php(27): Illuminate\\Pipeline\\Pipeline->Illuminate\\Pipeline\\{closure}(Object(Illuminate\\Http\\Request))
#37 D:\\Algebra VUA\\POU\\Backend Developer\\Grupe\\OL-OBE_DEV_H-0124\\Laravel\\algebra-crm\\vendor\\laravel\\framework\\src\\Illuminate\\Pipeline\\Pipeline.php(183): Illuminate\\Http\\Middleware\\ValidatePostSize->handle(Object(Illuminate\\Http\\Request), Object(Closure))
#38 D:\\Algebra VUA\\POU\\Backend Developer\\Grupe\\OL-OBE_DEV_H-0124\\Laravel\\algebra-crm\\vendor\\laravel\\framework\\src\\Illuminate\\Foundation\\Http\\Middleware\\PreventRequestsDuringMaintenance.php(110): Illuminate\\Pipeline\\Pipeline->Illuminate\\Pipeline\\{closure}(Object(Illuminate\\Http\\Request))
#39 D:\\Algebra VUA\\POU\\Backend Developer\\Grupe\\OL-OBE_DEV_H-0124\\Laravel\\algebra-crm\\vendor\\laravel\\framework\\src\\Illuminate\\Pipeline\\Pipeline.php(183): Illuminate\\Foundation\\Http\\Middleware\\PreventRequestsDuringMaintenance->handle(Object(Illuminate\\Http\\Request), Object(Closure))
#40 D:\\Algebra VUA\\POU\\Backend Developer\\Grupe\\OL-OBE_DEV_H-0124\\Laravel\\algebra-crm\\vendor\\laravel\\framework\\src\\Illuminate\\Http\\Middleware\\HandleCors.php(49): Illuminate\\Pipeline\\Pipeline->Illuminate\\Pipeline\\{closure}(Object(Illuminate\\Http\\Request))
#41 D:\\Algebra VUA\\POU\\Backend Developer\\Grupe\\OL-OBE_DEV_H-0124\\Laravel\\algebra-crm\\vendor\\laravel\\framework\\src\\Illuminate\\Pipeline\\Pipeline.php(183): Illuminate\\Http\\Middleware\\HandleCors->handle(Object(Illuminate\\Http\\Request), Object(Closure))
#42 D:\\Algebra VUA\\POU\\Backend Developer\\Grupe\\OL-OBE_DEV_H-0124\\Laravel\\algebra-crm\\vendor\\laravel\\framework\\src\\Illuminate\\Http\\Middleware\\TrustProxies.php(57): Illuminate\\Pipeline\\Pipeline->Illuminate\\Pipeline\\{closure}(Object(Illuminate\\Http\\Request))
#43 D:\\Algebra VUA\\POU\\Backend Developer\\Grupe\\OL-OBE_DEV_H-0124\\Laravel\\algebra-crm\\vendor\\laravel\\framework\\src\\Illuminate\\Pipeline\\Pipeline.php(183): Illuminate\\Http\\Middleware\\TrustProxies->handle(Object(Illuminate\\Http\\Request), Object(Closure))
#44 D:\\Algebra VUA\\POU\\Backend Developer\\Grupe\\OL-OBE_DEV_H-0124\\Laravel\\algebra-crm\\vendor\\laravel\\framework\\src\\Illuminate\\Pipeline\\Pipeline.php(119): Illuminate\\Pipeline\\Pipeline->Illuminate\\Pipeline\\{closure}(Object(Illuminate\\Http\\Request))
#45 D:\\Algebra VUA\\POU\\Backend Developer\\Grupe\\OL-OBE_DEV_H-0124\\Laravel\\algebra-crm\\vendor\\laravel\\framework\\src\\Illuminate\\Foundation\\Http\\Kernel.php(175): Illuminate\\Pipeline\\Pipeline->then(Object(Closure))
#46 D:\\Algebra VUA\\POU\\Backend Developer\\Grupe\\OL-OBE_DEV_H-0124\\Laravel\\algebra-crm\\vendor\\laravel\\framework\\src\\Illuminate\\Foundation\\Http\\Kernel.php(144): Illuminate\\Foundation\\Http\\Kernel->sendRequestThroughRouter(Object(Illuminate\\Http\\Request))
#47 D:\\Algebra VUA\\POU\\Backend Developer\\Grupe\\OL-OBE_DEV_H-0124\\Laravel\\algebra-crm\\vendor\\laravel\\framework\\src\\Illuminate\\Foundation\\Application.php(1183): Illuminate\\Foundation\\Http\\Kernel->handle(Object(Illuminate\\Http\\Request))
#48 D:\\Algebra VUA\\POU\\Backend Developer\\Grupe\\OL-OBE_DEV_H-0124\\Laravel\\algebra-crm\\public\\index.php(17): Illuminate\\Foundation\\Application->handleRequest(Object(Illuminate\\Http\\Request))
#49 D:\\Algebra VUA\\POU\\Backend Developer\\Grupe\\OL-OBE_DEV_H-0124\\Laravel\\algebra-crm\\vendor\\laravel\\framework\\src\\Illuminate\\Foundation\\resources\\server.php(16): require_once('D:\\\\Algebra VUA\\\\...')
#50 {main}
"} 
[2024-06-26 20:11:21] local.ERROR: No application encryption key has been specified. {"exception":"[object] (Illuminate\\Encryption\\MissingAppKeyException(code: 0): No application encryption key has been specified. at D:\\laravel\\algebra-crm\\vendor\\laravel\\framework\\src\\Illuminate\\Encryption\\EncryptionServiceProvider.php:83)
[stacktrace]
#0 D:\\laravel\\algebra-crm\\vendor\\laravel\\framework\\src\\Illuminate\\Support\\helpers.php(363): Illuminate\\Encryption\\EncryptionServiceProvider->Illuminate\\Encryption\\{closure}('')
#1 D:\\laravel\\algebra-crm\\vendor\\laravel\\framework\\src\\Illuminate\\Encryption\\EncryptionServiceProvider.php(81): tap('', Object(Closure))
#2 D:\\laravel\\algebra-crm\\vendor\\laravel\\framework\\src\\Illuminate\\Encryption\\EncryptionServiceProvider.php(64): Illuminate\\Encryption\\EncryptionServiceProvider->key(Array)
#3 D:\\laravel\\algebra-crm\\vendor\\laravel\\framework\\src\\Illuminate\\Encryption\\EncryptionServiceProvider.php(32): Illuminate\\Encryption\\EncryptionServiceProvider->parseKey(Array)
#4 D:\\laravel\\algebra-crm\\vendor\\laravel\\framework\\src\\Illuminate\\Container\\Container.php(900): Illuminate\\Encryption\\EncryptionServiceProvider->Illuminate\\Encryption\\{closure}(Object(Illuminate\\Foundation\\Application), Array)
#5 D:\\laravel\\algebra-crm\\vendor\\laravel\\framework\\src\\Illuminate\\Container\\Container.php(787): Illuminate\\Container\\Container->build(Object(Closure))
#6 D:\\laravel\\algebra-crm\\vendor\\laravel\\framework\\src\\Illuminate\\Foundation\\Application.php(1041): Illuminate\\Container\\Container->resolve('encrypter', Array, true)
#7 D:\\laravel\\algebra-crm\\vendor\\laravel\\framework\\src\\Illuminate\\Container\\Container.php(723): Illuminate\\Foundation\\Application->resolve('encrypter', Array)
#8 D:\\laravel\\algebra-crm\\vendor\\laravel\\framework\\src\\Illuminate\\Foundation\\Application.php(1026): Illuminate\\Container\\Container->make('encrypter', Array)
#9 D:\\laravel\\algebra-crm\\vendor\\laravel\\framework\\src\\Illuminate\\Container\\Container.php(1058): Illuminate\\Foundation\\Application->make('encrypter')
#10 D:\\laravel\\algebra-crm\\vendor\\laravel\\framework\\src\\Illuminate\\Container\\Container.php(974): Illuminate\\Container\\Container->resolveClass(Object(ReflectionParameter))
#11 D:\\laravel\\algebra-crm\\vendor\\laravel\\framework\\src\\Illuminate\\Container\\Container.php(935): Illuminate\\Container\\Container->resolveDependencies(Array)
#12 D:\\laravel\\algebra-crm\\vendor\\laravel\\framework\\src\\Illuminate\\Container\\Container.php(787): Illuminate\\Container\\Container->build('Illuminate\\\\Cook...')
#13 D:\\laravel\\algebra-crm\\vendor\\laravel\\framework\\src\\Illuminate\\Foundation\\Application.php(1041): Illuminate\\Container\\Container->resolve('Illuminate\\\\Cook...', Array, true)
#14 D:\\laravel\\algebra-crm\\vendor\\laravel\\framework\\src\\Illuminate\\Container\\Container.php(723): Illuminate\\Foundation\\Application->resolve('Illuminate\\\\Cook...', Array)
#15 D:\\laravel\\algebra-crm\\vendor\\laravel\\framework\\src\\Illuminate\\Foundation\\Application.php(1026): Illuminate\\Container\\Container->make('Illuminate\\\\Cook...', Array)
#16 D:\\laravel\\algebra-crm\\vendor\\laravel\\framework\\src\\Illuminate\\Pipeline\\Pipeline.php(172): Illuminate\\Foundation\\Application->make('Illuminate\\\\Cook...')
#17 D:\\laravel\\algebra-crm\\vendor\\laravel\\framework\\src\\Illuminate\\Pipeline\\Pipeline.php(119): Illuminate\\Pipeline\\Pipeline->Illuminate\\Pipeline\\{closure}(Object(Illuminate\\Http\\Request))
#18 D:\\laravel\\algebra-crm\\vendor\\laravel\\framework\\src\\Illuminate\\Routing\\Router.php(805): Illuminate\\Pipeline\\Pipeline->then(Object(Closure))
#19 D:\\laravel\\algebra-crm\\vendor\\laravel\\framework\\src\\Illuminate\\Routing\\Router.php(784): Illuminate\\Routing\\Router->runRouteWithinStack(Object(Illuminate\\Routing\\Route), Object(Illuminate\\Http\\Request))
#20 D:\\laravel\\algebra-crm\\vendor\\laravel\\framework\\src\\Illuminate\\Routing\\Router.php(748): Illuminate\\Routing\\Router->runRoute(Object(Illuminate\\Http\\Request), Object(Illuminate\\Routing\\Route))
#21 D:\\laravel\\algebra-crm\\vendor\\laravel\\framework\\src\\Illuminate\\Routing\\Router.php(737): Illuminate\\Routing\\Router->dispatchToRoute(Object(Illuminate\\Http\\Request))
#22 D:\\laravel\\algebra-crm\\vendor\\laravel\\framework\\src\\Illuminate\\Foundation\\Http\\Kernel.php(200): Illuminate\\Routing\\Router->dispatch(Object(Illuminate\\Http\\Request))
#23 D:\\laravel\\algebra-crm\\vendor\\laravel\\framework\\src\\Illuminate\\Pipeline\\Pipeline.php(144): Illuminate\\Foundation\\Http\\Kernel->Illuminate\\Foundation\\Http\\{closure}(Object(Illuminate\\Http\\Request))
#24 D:\\laravel\\algebra-crm\\vendor\\laravel\\framework\\src\\Illuminate\\Foundation\\Http\\Middleware\\TransformsRequest.php(21): Illuminate\\Pipeline\\Pipeline->Illuminate\\Pipeline\\{closure}(Object(Illuminate\\Http\\Request))
#25 D:\\laravel\\algebra-crm\\vendor\\laravel\\framework\\src\\Illuminate\\Foundation\\Http\\Middleware\\ConvertEmptyStringsToNull.php(31): Illuminate\\Foundation\\Http\\Middleware\\TransformsRequest->handle(Object(Illuminate\\Http\\Request), Object(Closure))
#26 D:\\laravel\\algebra-crm\\vendor\\laravel\\framework\\src\\Illuminate\\Pipeline\\Pipeline.php(183): Illuminate\\Foundation\\Http\\Middleware\\ConvertEmptyStringsToNull->handle(Object(Illuminate\\Http\\Request), Object(Closure))
#27 D:\\laravel\\algebra-crm\\vendor\\laravel\\framework\\src\\Illuminate\\Foundation\\Http\\Middleware\\TransformsRequest.php(21): Illuminate\\Pipeline\\Pipeline->Illuminate\\Pipeline\\{closure}(Object(Illuminate\\Http\\Request))
#28 D:\\laravel\\algebra-crm\\vendor\\laravel\\framework\\src\\Illuminate\\Foundation\\Http\\Middleware\\TrimStrings.php(51): Illuminate\\Foundation\\Http\\Middleware\\TransformsRequest->handle(Object(Illuminate\\Http\\Request), Object(Closure))
#29 D:\\laravel\\algebra-crm\\vendor\\laravel\\framework\\src\\Illuminate\\Pipeline\\Pipeline.php(183): Illuminate\\Foundation\\Http\\Middleware\\TrimStrings->handle(Object(Illuminate\\Http\\Request), Object(Closure))
#30 D:\\laravel\\algebra-crm\\vendor\\laravel\\framework\\src\\Illuminate\\Http\\Middleware\\ValidatePostSize.php(27): Illuminate\\Pipeline\\Pipeline->Illuminate\\Pipeline\\{closure}(Object(Illuminate\\Http\\Request))
#31 D:\\laravel\\algebra-crm\\vendor\\laravel\\framework\\src\\Illuminate\\Pipeline\\Pipeline.php(183): Illuminate\\Http\\Middleware\\ValidatePostSize->handle(Object(Illuminate\\Http\\Request), Object(Closure))
#32 D:\\laravel\\algebra-crm\\vendor\\laravel\\framework\\src\\Illuminate\\Foundation\\Http\\Middleware\\PreventRequestsDuringMaintenance.php(110): Illuminate\\Pipeline\\Pipeline->Illuminate\\Pipeline\\{closure}(Object(Illuminate\\Http\\Request))
#33 D:\\laravel\\algebra-crm\\vendor\\laravel\\framework\\src\\Illuminate\\Pipeline\\Pipeline.php(183): Illuminate\\Foundation\\Http\\Middleware\\PreventRequestsDuringMaintenance->handle(Object(Illuminate\\Http\\Request), Object(Closure))
#34 D:\\laravel\\algebra-crm\\vendor\\laravel\\framework\\src\\Illuminate\\Http\\Middleware\\HandleCors.php(49): Illuminate\\Pipeline\\Pipeline->Illuminate\\Pipeline\\{closure}(Object(Illuminate\\Http\\Request))
#35 D:\\laravel\\algebra-crm\\vendor\\laravel\\framework\\src\\Illuminate\\Pipeline\\Pipeline.php(183): Illuminate\\Http\\Middleware\\HandleCors->handle(Object(Illuminate\\Http\\Request), Object(Closure))
#36 D:\\laravel\\algebra-crm\\vendor\\laravel\\framework\\src\\Illuminate\\Http\\Middleware\\TrustProxies.php(57): Illuminate\\Pipeline\\Pipeline->Illuminate\\Pipeline\\{closure}(Object(Illuminate\\Http\\Request))
#37 D:\\laravel\\algebra-crm\\vendor\\laravel\\framework\\src\\Illuminate\\Pipeline\\Pipeline.php(183): Illuminate\\Http\\Middleware\\TrustProxies->handle(Object(Illuminate\\Http\\Request), Object(Closure))
#38 D:\\laravel\\algebra-crm\\vendor\\laravel\\framework\\src\\Illuminate\\Pipeline\\Pipeline.php(119): Illuminate\\Pipeline\\Pipeline->Illuminate\\Pipeline\\{closure}(Object(Illuminate\\Http\\Request))
#39 D:\\laravel\\algebra-crm\\vendor\\laravel\\framework\\src\\Illuminate\\Foundation\\Http\\Kernel.php(175): Illuminate\\Pipeline\\Pipeline->then(Object(Closure))
#40 D:\\laravel\\algebra-crm\\vendor\\laravel\\framework\\src\\Illuminate\\Foundation\\Http\\Kernel.php(144): Illuminate\\Foundation\\Http\\Kernel->sendRequestThroughRouter(Object(Illuminate\\Http\\Request))
#41 D:\\laravel\\algebra-crm\\vendor\\laravel\\framework\\src\\Illuminate\\Foundation\\Application.php(1183): Illuminate\\Foundation\\Http\\Kernel->handle(Object(Illuminate\\Http\\Request))
#42 D:\\laravel\\algebra-crm\\public\\index.php(17): Illuminate\\Foundation\\Application->handleRequest(Object(Illuminate\\Http\\Request))
#43 D:\\laravel\\algebra-crm\\vendor\\laravel\\framework\\src\\Illuminate\\Foundation\\resources\\server.php(16): require_once('D:\\\\laravel\\\\alge...')
#44 {main}
"} 
[2024-06-26 20:11:23] local.ERROR: No application encryption key has been specified. {"exception":"[object] (Illuminate\\Encryption\\MissingAppKeyException(code: 0): No application encryption key has been specified. at D:\\laravel\\algebra-crm\\vendor\\laravel\\framework\\src\\Illuminate\\Encryption\\EncryptionServiceProvider.php:83)
[stacktrace]
#0 D:\\laravel\\algebra-crm\\vendor\\laravel\\framework\\src\\Illuminate\\Support\\helpers.php(363): Illuminate\\Encryption\\EncryptionServiceProvider->Illuminate\\Encryption\\{closure}('')
#1 D:\\laravel\\algebra-crm\\vendor\\laravel\\framework\\src\\Illuminate\\Encryption\\EncryptionServiceProvider.php(81): tap('', Object(Closure))
#2 D:\\laravel\\algebra-crm\\vendor\\laravel\\framework\\src\\Illuminate\\Encryption\\EncryptionServiceProvider.php(64): Illuminate\\Encryption\\EncryptionServiceProvider->key(Array)
#3 D:\\laravel\\algebra-crm\\vendor\\laravel\\framework\\src\\Illuminate\\Encryption\\EncryptionServiceProvider.php(32): Illuminate\\Encryption\\EncryptionServiceProvider->parseKey(Array)
#4 D:\\laravel\\algebra-crm\\vendor\\laravel\\framework\\src\\Illuminate\\Container\\Container.php(900): Illuminate\\Encryption\\EncryptionServiceProvider->Illuminate\\Encryption\\{closure}(Object(Illuminate\\Foundation\\Application), Array)
#5 D:\\laravel\\algebra-crm\\vendor\\laravel\\framework\\src\\Illuminate\\Container\\Container.php(787): Illuminate\\Container\\Container->build(Object(Closure))
#6 D:\\laravel\\algebra-crm\\vendor\\laravel\\framework\\src\\Illuminate\\Foundation\\Application.php(1041): Illuminate\\Container\\Container->resolve('encrypter', Array, true)
#7 D:\\laravel\\algebra-crm\\vendor\\laravel\\framework\\src\\Illuminate\\Container\\Container.php(723): Illuminate\\Foundation\\Application->resolve('encrypter', Array)
#8 D:\\laravel\\algebra-crm\\vendor\\laravel\\framework\\src\\Illuminate\\Foundation\\Application.php(1026): Illuminate\\Container\\Container->make('encrypter', Array)
#9 D:\\laravel\\algebra-crm\\vendor\\laravel\\framework\\src\\Illuminate\\Container\\Container.php(1058): Illuminate\\Foundation\\Application->make('encrypter')
#10 D:\\laravel\\algebra-crm\\vendor\\laravel\\framework\\src\\Illuminate\\Container\\Container.php(974): Illuminate\\Container\\Container->resolveClass(Object(ReflectionParameter))
#11 D:\\laravel\\algebra-crm\\vendor\\laravel\\framework\\src\\Illuminate\\Container\\Container.php(935): Illuminate\\Container\\Container->resolveDependencies(Array)
#12 D:\\laravel\\algebra-crm\\vendor\\laravel\\framework\\src\\Illuminate\\Container\\Container.php(787): Illuminate\\Container\\Container->build('Illuminate\\\\Cook...')
#13 D:\\laravel\\algebra-crm\\vendor\\laravel\\framework\\src\\Illuminate\\Foundation\\Application.php(1041): Illuminate\\Container\\Container->resolve('Illuminate\\\\Cook...', Array, true)
#14 D:\\laravel\\algebra-crm\\vendor\\laravel\\framework\\src\\Illuminate\\Container\\Container.php(723): Illuminate\\Foundation\\Application->resolve('Illuminate\\\\Cook...', Array)
#15 D:\\laravel\\algebra-crm\\vendor\\laravel\\framework\\src\\Illuminate\\Foundation\\Application.php(1026): Illuminate\\Container\\Container->make('Illuminate\\\\Cook...', Array)
#16 D:\\laravel\\algebra-crm\\vendor\\laravel\\framework\\src\\Illuminate\\Foundation\\Http\\Kernel.php(255): Illuminate\\Foundation\\Application->make('Illuminate\\\\Cook...')
#17 D:\\laravel\\algebra-crm\\vendor\\laravel\\framework\\src\\Illuminate\\Foundation\\Http\\Kernel.php(213): Illuminate\\Foundation\\Http\\Kernel->terminateMiddleware(Object(Illuminate\\Http\\Request), Object(Illuminate\\Http\\Response))
#18 D:\\laravel\\algebra-crm\\vendor\\laravel\\framework\\src\\Illuminate\\Foundation\\Application.php(1185): Illuminate\\Foundation\\Http\\Kernel->terminate(Object(Illuminate\\Http\\Request), Object(Illuminate\\Http\\Response))
#19 D:\\laravel\\algebra-crm\\public\\index.php(17): Illuminate\\Foundation\\Application->handleRequest(Object(Illuminate\\Http\\Request))
#20 D:\\laravel\\algebra-crm\\vendor\\laravel\\framework\\src\\Illuminate\\Foundation\\resources\\server.php(16): require_once('D:\\\\laravel\\\\alge...')
#21 {main}
"} 
[2024-06-26 20:36:02] local.ERROR: Command "seed" is not defined.

Did you mean one of these?
    db:seed
    make:seeder {"exception":"[object] (Symfony\\Component\\Console\\Exception\\CommandNotFoundException(code: 0): Command \"seed\" is not defined.

Did you mean one of these?
    db:seed
    make:seeder at D:\\laravel\\algebra-crm\\vendor\\symfony\\console\\Application.php:702)
[stacktrace]
#0 D:\\laravel\\algebra-crm\\vendor\\symfony\\console\\Application.php(258): Symfony\\Component\\Console\\Application->find('seed')
#1 D:\\laravel\\algebra-crm\\vendor\\symfony\\console\\Application.php(167): Symfony\\Component\\Console\\Application->doRun(Object(Symfony\\Component\\Console\\Input\\ArgvInput), Object(Symfony\\Component\\Console\\Output\\ConsoleOutput))
#2 D:\\laravel\\algebra-crm\\vendor\\laravel\\framework\\src\\Illuminate\\Foundation\\Console\\Kernel.php(196): Symfony\\Component\\Console\\Application->run(Object(Symfony\\Component\\Console\\Input\\ArgvInput), Object(Symfony\\Component\\Console\\Output\\ConsoleOutput))
#3 D:\\laravel\\algebra-crm\\vendor\\laravel\\framework\\src\\Illuminate\\Foundation\\Application.php(1198): Illuminate\\Foundation\\Console\\Kernel->handle(Object(Symfony\\Component\\Console\\Input\\ArgvInput), Object(Symfony\\Component\\Console\\Output\\ConsoleOutput))
#4 D:\\laravel\\algebra-crm\\artisan(13): Illuminate\\Foundation\\Application->handleCommand(Object(Symfony\\Component\\Console\\Input\\ArgvInput))
#5 {main}
"} 
